               _                           
platform       x86_64-pc-linux-gnu         
arch           x86_64                      
os             linux-gnu                   
system         x86_64, linux-gnu           
status                                     
major          4                           
minor          1.0                         
year           2021                        
month          05                          
day            18                          
svn rev        80317                       
language       R                           
version.string R version 4.1.0 (2021-05-18)
nickname       Camp Pontanezen             
snapshotDate(): 2021-05-18
Attaching SeuratObject
‘SeuratObject’ was built with package ‘Matrix’ 1.6.1 but the current
version is 1.6.5; it is recomended that you reinstall ‘SeuratObject’ as
the ABI for ‘Matrix’ may have changed
Seurat v4 was just loaded with SeuratObject v5; disabling v5 assays and
validation routines, and ensuring assays work in strict v3/v4
compatibility mode
Loading required package: bigmemory
see ?DuoClustering2018 and browseVignettes('DuoClustering2018') for documentation
loading from cache
Loading required package: SingleCellExperiment
Loading required package: SummarizedExperiment
Loading required package: MatrixGenerics
Loading required package: matrixStats

Attaching package: ‘MatrixGenerics’

The following objects are masked from ‘package:matrixStats’:

    colAlls, colAnyNAs, colAnys, colAvgsPerRowSet, colCollapse,
    colCounts, colCummaxs, colCummins, colCumprods, colCumsums,
    colDiffs, colIQRDiffs, colIQRs, colLogSumExps, colMadDiffs,
    colMads, colMaxs, colMeans2, colMedians, colMins, colOrderStats,
    colProds, colQuantiles, colRanges, colRanks, colSdDiffs, colSds,
    colSums2, colTabulates, colVarDiffs, colVars, colWeightedMads,
    colWeightedMeans, colWeightedMedians, colWeightedSds,
    colWeightedVars, rowAlls, rowAnyNAs, rowAnys, rowAvgsPerColSet,
    rowCollapse, rowCounts, rowCummaxs, rowCummins, rowCumprods,
    rowCumsums, rowDiffs, rowIQRDiffs, rowIQRs, rowLogSumExps,
    rowMadDiffs, rowMads, rowMaxs, rowMeans2, rowMedians, rowMins,
    rowOrderStats, rowProds, rowQuantiles, rowRanges, rowRanks,
    rowSdDiffs, rowSds, rowSums2, rowTabulates, rowVarDiffs, rowVars,
    rowWeightedMads, rowWeightedMeans, rowWeightedMedians,
    rowWeightedSds, rowWeightedVars

Loading required package: GenomicRanges
Loading required package: stats4
Loading required package: BiocGenerics
Loading required package: parallel

Attaching package: ‘BiocGenerics’

The following objects are masked from ‘package:parallel’:

    clusterApply, clusterApplyLB, clusterCall, clusterEvalQ,
    clusterExport, clusterMap, parApply, parCapply, parLapply,
    parLapplyLB, parRapply, parSapply, parSapplyLB

The following object is masked from ‘package:SeuratObject’:

    intersect

The following objects are masked from ‘package:stats’:

    IQR, mad, sd, var, xtabs

The following objects are masked from ‘package:base’:

    anyDuplicated, append, as.data.frame, basename, cbind, colnames,
    dirname, do.call, duplicated, eval, evalq, Filter, Find, get, grep,
    grepl, intersect, is.unsorted, lapply, Map, mapply, match, mget,
    order, paste, pmax, pmax.int, pmin, pmin.int, Position, rank,
    rbind, Reduce, rownames, sapply, setdiff, sort, table, tapply,
    union, unique, unsplit, which.max, which.min

Loading required package: S4Vectors

Attaching package: ‘S4Vectors’

The following objects are masked from ‘package:base’:

    expand.grid, I, unname

Loading required package: IRanges
Loading required package: GenomeInfoDb
Loading required package: Biobase
Welcome to Bioconductor

    Vignettes contain introductory material; view with
    'browseVignettes()'. To cite Bioconductor, see
    'citation("Biobase")', and for packages 'citation("pkgname")'.


Attaching package: ‘Biobase’

The following object is masked from ‘package:MatrixGenerics’:

    rowMedians

The following objects are masked from ‘package:matrixStats’:

    anyMissing, rowMedians


Attaching package: ‘SummarizedExperiment’

The following object is masked from ‘package:SeuratObject’:

    Assays

The following object is masked from ‘package:Seurat’:

    Assays

Warning: Keys should be one or more alphanumeric characters followed by an underscore, setting key from PC to PC_
Performing log-normalization
0%   10   20   30   40   50   60   70   80   90   100%
[----|----|----|----|----|----|----|----|----|----|
**************************************************|
Calculating gene variances
0%   10   20   30   40   50   60   70   80   90   100%
[----|----|----|----|----|----|----|----|----|----|
**************************************************|
Calculating feature variances of standardized and clipped values
0%   10   20   30   40   50   60   70   80   90   100%
[----|----|----|----|----|----|----|----|----|----|
**************************************************|
Iteration:  1 . Objective= -328088.5 
[1] 6.173461
[1] 118.9081
Iteration:  2 . Objective= -320118.7 
[1] 15.81733
[1] 73.49457
Iteration:  3 . Objective= -306247.6 
[1] 27.64951
[1] 62.01358
Iteration:  4 . Objective= -289571.2 
[1] 37.72016
[1] 86.81724
Iteration:  5 . Objective= -276671.5 
[1] 46.58804
[1] 93.49958
Iteration:  6 . Objective= -265981.6 
[1] 55.43049
[1] 82.06432
Iteration:  7 . Objective= -255642.1 
[1] 65.32397
[1] 67.32397
Iteration:  8 . Objective= -244534.8 
[1] 75.9685
[1] 69.01123
Iteration:  9 . Objective= -233711.3 
[1] 86.81371
[1] 75.85911
Iteration:  10 . Objective= -223948.5 
[1] 97.98965
[1] 72.24931
Iteration:  11 . Objective= -214919.8 
[1] 109.3162
[1] 73.78058
Iteration:  12 . Objective= -206684.7 
[1] 120.8615
[1] 71.16675
Iteration:  13 . Objective= -199057.4 
[1] 132.5542
[1] 71.58179
Iteration:  14 . Objective= -192043.8 
[1] 144.3305
[1] 72.61657
Iteration:  15 . Objective= -185633.9 
[1] 156.1947
[1] 72.71787
Iteration:  16 . Objective= -179760.1 
[1] 168.1826
[1] 72.25775
Iteration:  17 . Objective= -174344.9 
[1] 180.3339
[1] 71.67547
Iteration:  18 . Objective= -169325 
[1] 192.6441
[1] 72.00782
Iteration:  19 . Objective= -164669.2 
[1] 205.0997
[1] 72.42763
Iteration:  20 . Objective= -160344.5 
[1] 217.7438
[1] 71.19476
Iteration:  21 . Objective= -156287.6 
[1] 230.3677
[1] 76.84284
Iteration:  22 . Objective= -152563.5 
[1] 242.8628
[1] 80.95631
Iteration:  23 . Objective= -149172 
[1] 255.2741
[1] 80.42083
Iteration:  24 . Objective= -146042.6 
[1] 267.7315
[1] 76.84605
Iteration:  25 . Objective= -143077.9 
[1] 280.3103
[1] 74.75935
Iteration:  26 . Objective= -140220.1 
[1] 292.9491
[1] 76.87281
Iteration:  27 . Objective= -137482.2 
[1] 305.5422
[1] 81.07899
Iteration:  28 . Objective= -134894.4 
[1] 318.0593
[1] 83.17084
Iteration:  29 . Objective= -132452 
[1] 330.5681
[1] 81.56237
Iteration:  30 . Objective= -130114.9 
[1] 343.1659
[1] 78.7167
Iteration:  31 . Objective= -127839.1 
[1] 355.8827
[1] 78.17906
Iteration:  32 . Objective= -125614.1 
[1] 368.6724
[1] 80.40995
Iteration:  33 . Objective= -123458.7 
[1] 381.4945
[1] 82.68148
Iteration:  34 . Objective= -121385.9 
[1] 394.3679
[1] 82.67471
Iteration:  35 . Objective= -119387.2 
[1] 407.354
[1] 80.88136
Iteration:  36 . Objective= -117442.7 
[1] 420.4953
[1] 79.70067
Iteration:  37 . Objective= -115541.9 
[1] 433.7779
[1] 80.57644
Iteration:  38 . Objective= -113691.8 
[1] 447.1643
[1] 82.47052
Iteration:  39 . Objective= -111903.9 
[1] 460.6438
[1] 83.38724
Iteration:  40 . Objective= -110179.3 
[1] 474.2433
[1] 82.689
Iteration:  41 . Objective= -108508.9 
[1] 487.9972
[1] 81.59672
Iteration:  42 . Objective= -106882.3 
[1] 501.9105
[1] 81.66656
Iteration:  43 . Objective= -105297.9 
[1] 515.9595
[1] 82.97037
Iteration:  44 . Objective= -103760.4 
[1] 530.1257
[1] 84.10093
Iteration:  45 . Objective= -102271.6 
[1] 544.4189
[1] 83.96084
Iteration:  46 . Objective= -100826.9 
[1] 558.865
[1] 83.02435
Iteration:  47 . Objective= -99418.79 
[1] 573.475
[1] 82.68176
Iteration:  48 . Objective= -98043.85 
[1] 588.2325
[1] 83.49017
Iteration:  49 . Objective= -96704.41 
[1] 603.1176
[1] 84.45346
Iteration:  50 . Objective= -95402.56 
[1] 618.1328
[1] 84.42483
Iteration:  51 . Objective= -94135.85 
[1] 633.2964
[1] 83.68177
Iteration:  52 . Objective= -92899.3 
[1] 648.6121
[1] 83.58978
Iteration:  53 . Objective= -91690.68 
[1] 664.059
[1] 84.56698
Iteration:  54 . Objective= -90511.28 
[1] 679.6227
[1] 85.28398
Iteration:  55 . Objective= -89361.2 
[1] 695.3153
[1] 84.78137
Iteration:  56 . Objective= -88237.3 
[1] 711.1487
[1] 84.26277
Iteration:  57 . Objective= -87136.97 
[1] 727.1044
[1] 85.12611
Iteration:  58 . Objective= -86061.36 
[1] 743.1664
[1] 86.03893
Iteration:  59 . Objective= -85010.94 
[1] 759.3464
[1] 85.37776
Iteration:  60 . Objective= -83982.07 
[1] 775.6622
[1] 84.78979
Iteration:  61 . Objective= -82972.95 
[1] 792.077
[1] 86.00164
Iteration:  62 . Objective= -81988.19 
[1] 808.6089
[1] 86.47709
Iteration:  63 . Objective= -81047.46 
[1] 825.2041
[1] 85.45799
Iteration:  64 . Objective= -80325.69 
[1] 842.1231
[1] 85.4194
Iteration:  66 . Objective= -80408.02 
[1] 825.0601
[1] 84.35593
Iteration:  68 . Objective= -80381.9 
[1] 824.6606
[1] 84.53132
Iteration:  69 . Objective= -80230.7 
[1] 823.5901
[1] 86.18065
Iteration:  71 . Objective= -80223.05 
[1] 823.8786
[1] 85.03629
Iteration:  72 . Objective= -80221.73 
[1] 822.3842
[1] 84.81277
Iteration:  74 . Objective= -80220.03 
[1] 823.0133
[1] 85.51984
Iteration:  76 . Objective= -80219.07 
[1] 822.9598
[1] 85.29067
For users of newer versions (1.0.1+): the `scores` matrix now contains factor scores, the `V` matrix is UNSCALED scores.
  [1] -333426.6 -326335.6 -314835.6 -301795.4 -291960.9 -283880.9 -276204.5
  [8] -268291.0 -260850.4 -254259.3 -248237.5 -242739.6 -237635.9 -232929.0
 [15] -228615.4 -224663.1 -221035.3 -217698.7 -214623.2 -211776.4 -209135.3
 [22] -206672.8 -204363.1 -202205.5 -200220.9 -198419.6 -196772.9 -195234.5
 [29] -193783.7 -192440.0 -191235.7 -190170.9 -189208.9 -188314.6 -187484.8
 [36] -186738.8 -186083.7 -185497.8 -184951.6 -184430.9 -183942.2 -183493.7
 [43] -183075.6 -182664.8 -182246.7 -181828.3 -181423.5 -181034.3 -180648.8
 [50] -180259.7 -179873.2 -179501.5 -179145.2 -178796.0 -178450.2 -178119.2
 [57] -177809.1 -177515.2 -177229.1 -176968.5 -176729.9 -176523.3 -176329.4
 [64] -176452.7 -178595.1 -176537.4 -177026.7 -176510.3 -175822.6 -175308.4
 [71] -175814.1 -175296.0 -174532.7 -175295.0 -174803.8 -175293.7 -174770.0
 [78] -175293.7      -Inf      -Inf      -Inf      -Inf      -Inf      -Inf
 [85]      -Inf      -Inf      -Inf      -Inf      -Inf      -Inf      -Inf
 [92]      -Inf      -Inf      -Inf      -Inf      -Inf      -Inf      -Inf
 [99]      -Inf      -Inf      -Inf      -Inf      -Inf      -Inf      -Inf
[106]      -Inf      -Inf      -Inf      -Inf      -Inf      -Inf      -Inf
[113]      -Inf      -Inf      -Inf      -Inf      -Inf      -Inf      -Inf
[120]      -Inf      -Inf      -Inf      -Inf      -Inf      -Inf      -Inf
[127]      -Inf      -Inf      -Inf      -Inf      -Inf      -Inf      -Inf
[134]      -Inf      -Inf      -Inf      -Inf      -Inf      -Inf      -Inf
[141]      -Inf      -Inf      -Inf      -Inf      -Inf      -Inf      -Inf
[148]      -Inf      -Inf      -Inf      -Inf      -Inf      -Inf      -Inf
[155]      -Inf      -Inf      -Inf      -Inf      -Inf      -Inf      -Inf
[162]      -Inf      -Inf      -Inf      -Inf      -Inf      -Inf      -Inf
[169]      -Inf      -Inf      -Inf      -Inf      -Inf      -Inf      -Inf
[176]      -Inf      -Inf      -Inf      -Inf      -Inf      -Inf      -Inf
[183]      -Inf      -Inf      -Inf      -Inf      -Inf      -Inf      -Inf
[190]      -Inf      -Inf      -Inf      -Inf      -Inf      -Inf      -Inf
[197]      -Inf      -Inf      -Inf      -Inf      -Inf      -Inf      -Inf
[204]      -Inf      -Inf      -Inf      -Inf      -Inf      -Inf      -Inf
[211]      -Inf      -Inf      -Inf      -Inf      -Inf      -Inf      -Inf
[218]      -Inf      -Inf      -Inf      -Inf      -Inf      -Inf      -Inf
[225]      -Inf      -Inf      -Inf      -Inf      -Inf      -Inf      -Inf
[232]      -Inf      -Inf      -Inf      -Inf      -Inf      -Inf      -Inf
[239]      -Inf      -Inf      -Inf      -Inf      -Inf      -Inf      -Inf
[246]      -Inf      -Inf      -Inf      -Inf      -Inf
[1] 25
Iteration:  1 . Objective= -25063.61 
[1] 2.584257
[1] 85.61758
Iteration:  2 . Objective= -24637.1 
[1] 4.554239
[1] 56.5942
Iteration:  3 . Objective= -23776.99 
[1] 7.04627
[1] 59.21973
Iteration:  4 . Objective= -22913.78 
[1] 9.610505
[1] 59.44846
Iteration:  5 . Objective= -22081.51 
[1] 12.28539
[1] 58.96948
Iteration:  6 . Objective= -21269.53 
[1] 15.12489
[1] 58.82229
Iteration:  7 . Objective= -20477.8 
[1] 18.13772
[1] 59.01531
Iteration:  8 . Objective= -19712.2 
[1] 21.29647
[1] 59.10868
Iteration:  9 . Objective= -18977.04 
[1] 24.56416
[1] 58.87651
Iteration:  10 . Objective= -18271.32 
[1] 27.90607
[1] 58.486
Iteration:  11 . Objective= -17590.89 
[1] 31.28877
[1] 58.26733
Iteration:  12 . Objective= -16933.58 
[1] 34.68338
[1] 58.32809
Iteration:  13 . Objective= -16298.73 
[1] 38.07395
[1] 58.47326
Iteration:  14 . Objective= -15685.05 
[1] 41.46156
[1] 58.42451
Iteration:  15 . Objective= -15089.69 
[1] 44.85809
[1] 58.1469
Iteration:  16 . Objective= -14507.33 
[1] 48.27415
[1] 57.87496
Iteration:  17 . Objective= -13934.83 
[1] 51.71344
[1] 57.74741
Iteration:  18 . Objective= -13372.51 
[1] 55.17668
[1] 57.6463
Iteration:  19 . Objective= -12821.65 
[1] 58.66454
[1] 57.48804
Iteration:  20 . Objective= -12283.57 
[1] 62.1757
[1] 57.36721
Iteration:  21 . Objective= -11759.9 
[1] 65.70655
[1] 57.33112
Iteration:  22 . Objective= -11252.76 
[1] 69.25524
[1] 57.26402
Iteration:  23 . Objective= -10763.69 
[1] 72.82346
[1] 57.10561
Iteration:  24 . Objective= -10293.2 
[1] 76.41374
[1] 56.94815
Iteration:  25 . Objective= -9841.246 
[1] 80.02741
[1] 56.83625
For users of newer versions (1.0.1+): the `scores` matrix now contains factor scores, the `V` matrix is UNSCALED scores.
For users of newer versions (1.0.1+): the `scores` matrix now contains factor scores.
[1] -233691.4
[1] 50
Iteration:  1 . Objective= -24982.32 
[1] 4.261435
[1] 85.08838
Iteration:  2 . Objective= -24548.24 
[1] 5.224173
[1] 56.57558
Iteration:  3 . Objective= -23690.81 
[1] 7.384372
[1] 59.23288
Iteration:  4 . Objective= -22837.14 
[1] 9.828223
[1] 59.49273
Iteration:  5 . Objective= -22009.87 
[1] 12.43038
[1] 58.9818
Iteration:  6 . Objective= -21206.82 
[1] 15.21685
[1] 58.79707
Iteration:  7 . Objective= -20426.01 
[1] 18.1912
[1] 58.9942
Iteration:  8 . Objective= -19672.53 
[1] 21.32166
[1] 59.11513
Iteration:  9 . Objective= -18949.55 
[1] 24.56747
[1] 58.89456
Iteration:  10 . Objective= -18254.67 
[1] 27.89256
[1] 58.49039
Iteration:  11 . Objective= -17582.77 
[1] 31.26359
[1] 58.25431
Iteration:  12 . Objective= -16931.33 
[1] 34.65164
[1] 58.31394
Iteration:  13 . Objective= -16300.02 
[1] 38.04
[1] 58.47064
Iteration:  14 . Objective= -15688.28 
[1] 41.42851
[1] 58.42997
Iteration:  15 . Objective= -15093.83 
[1] 44.82772
[1] 58.15137
Iteration:  16 . Objective= -14511.71 
[1] 48.24704
[1] 57.87707
Iteration:  17 . Objective= -13939.03 
[1] 51.68947
[1] 57.75035
Iteration:  18 . Objective= -13376.32 
[1] 55.15561
[1] 57.64939
Iteration:  19 . Objective= -12824.99 
[1] 58.6464
[1] 57.48762
Iteration:  20 . Objective= -12286.39 
[1] 62.16068
[1] 57.36404
Iteration:  21 . Objective= -11762.16 
[1] 65.69471
[1] 57.32935
Iteration:  22 . Objective= -11254.46 
[1] 69.24641
[1] 57.26402
Iteration:  23 . Objective= -10764.86 
[1] 72.81738
[1] 57.10501
Iteration:  24 . Objective= -10293.88 
[1] 76.41009
[1] 56.94732
Iteration:  25 . Objective= -9841.479 
[1] 80.0258
[1] 56.83621
Iteration:  26 . Objective= -9407.213 
[1] 83.66541
[1] 56.71321
Iteration:  27 . Objective= -8989.848 
[1] 87.32928
[1] 56.58675
Iteration:  28 . Objective= -8587.835 
[1] 91.01685
[1] 56.50064
Iteration:  29 . Objective= -8199.791 
[1] 94.72826
[1] 56.41366
Iteration:  30 . Objective= -7824.112 
[1] 98.4649
[1] 56.30744
Iteration:  31 . Objective= -7458.856 
[1] 102.2283
[1] 56.21924
Iteration:  32 . Objective= -7102.146 
[1] 106.0205
[1] 56.12738
Iteration:  33 . Objective= -6752.259 
[1] 109.8446
[1] 56.02502
Iteration:  34 . Objective= -6407.805 
[1] 113.7014
[1] 56.02207
Iteration:  35 . Objective= -6068.427 
[1] 117.5906
[1] 56.07388
Iteration:  36 . Objective= -5734.445 
[1] 121.5126
[1] 56.11011
Iteration:  37 . Objective= -5406.306 
[1] 125.467
[1] 56.15687
Iteration:  38 . Objective= -5084.254 
[1] 129.4527
[1] 56.21022
Iteration:  39 . Objective= -4767.912 
[1] 133.4679
[1] 56.25962
Iteration:  40 . Objective= -4456.735 
[1] 137.51
[1] 56.3184
Iteration:  41 . Objective= -4150.516 
[1] 141.5763
[1] 56.38319
Iteration:  42 . Objective= -3848.894 
[1] 145.6645
[1] 56.44935
Iteration:  43 . Objective= -3551.113 
[1] 149.7724
[1] 56.51763
Iteration:  44 . Objective= -3256.368 
[1] 153.8987
[1] 56.59995
Iteration:  45 . Objective= -2964.174 
[1] 158.0428
[1] 56.67531
Iteration:  46 . Objective= -2674.37 
[1] 162.2044
[1] 56.76277
Iteration:  47 . Objective= -2387.015 
[1] 166.3842
[1] 56.84387
Iteration:  48 . Objective= -2102.041 
[1] 170.5823
[1] 56.95024
Iteration:  49 . Objective= -1819.262 
[1] 174.7995
[1] 57.02799
Iteration:  50 . Objective= -1538.489 
[1] 179.0324
[1] 57.2006
For users of newer versions (1.0.1+): the `scores` matrix now contains factor scores, the `V` matrix is UNSCALED scores.
For users of newer versions (1.0.1+): the `scores` matrix now contains factor scores.
[1] -208268.6
[1] 75
Iteration:  1 . Objective= -25074.88 
[1] 2.832631
[1] 85.53672
Iteration:  2 . Objective= -24645.95 
[1] 4.614116
[1] 56.61334
Iteration:  3 . Objective= -23782.04 
[1] 7.069075
[1] 59.21708
Iteration:  4 . Objective= -22919.9 
[1] 9.61703
[1] 59.46989
Iteration:  5 . Objective= -22086.47 
[1] 12.27943
[1] 58.99811
Iteration:  6 . Objective= -21273.87 
[1] 15.10959
[1] 58.83189
Iteration:  7 . Objective= -20481.55 
[1] 18.11758
[1] 59.00969
Iteration:  8 . Objective= -19715.31 
[1] 21.27538
[1] 59.1037
Iteration:  9 . Objective= -18979.6 
[1] 24.54438
[1] 58.87805
Iteration:  10 . Objective= -18273.45 
[1] 27.88871
[1] 58.48788
Iteration:  11 . Objective= -17592.7 
[1] 31.27443
[1] 58.26379
Iteration:  12 . Objective= -16935.04 
[1] 34.67237
[1] 58.32201
Iteration:  13 . Objective= -16299.8 
[1] 38.06619
[1] 58.47118
Iteration:  14 . Objective= -15685.76 
[1] 41.45666
[1] 58.42793
Iteration:  15 . Objective= -15090.18 
[1] 44.85554
[1] 58.15125
Iteration:  16 . Objective= -14507.69 
[1] 48.27347
[1] 57.87618
Iteration:  17 . Objective= -13935.12 
[1] 51.71425
[1] 57.74648
Iteration:  18 . Objective= -13372.71 
[1] 55.17863
[1] 57.6459
Iteration:  19 . Objective= -12821.76 
[1] 58.66735
[1] 57.48798
Iteration:  20 . Objective= -12283.6 
[1] 62.17918
[1] 57.36606
Iteration:  21 . Objective= -11759.85 
[1] 65.71055
[1] 57.32978
Iteration:  22 . Objective= -11252.62 
[1] 69.25957
[1] 57.26398
Iteration:  23 . Objective= -10763.49 
[1] 72.82795
[1] 57.10618
Iteration:  24 . Objective= -10292.96 
[1] 76.41824
[1] 56.94823
Iteration:  25 . Objective= -9840.979 
[1] 80.0318
[1] 56.83623
Iteration:  26 . Objective= -9407.051 
[1] 83.66957
[1] 56.71406
Iteration:  27 . Objective= -8989.936 
[1] 87.33192
[1] 56.58812
Iteration:  28 . Objective= -8588.091 
[1] 91.01826
[1] 56.50098
Iteration:  29 . Objective= -8200.142 
[1] 94.72871
[1] 56.41379
Iteration:  30 . Objective= -7824.507 
[1] 98.46458
[1] 56.30797
Iteration:  31 . Objective= -7459.269 
[1] 102.2274
[1] 56.21924
Iteration:  32 . Objective= -7102.561 
[1] 106.0192
[1] 56.12729
Iteration:  33 . Objective= -6752.667 
[1] 109.8431
[1] 56.02519
Iteration:  34 . Objective= -6408.198 
[1] 113.6997
[1] 56.0258
Iteration:  35 . Objective= -6068.816 
[1] 117.5888
[1] 56.0781
Iteration:  36 . Objective= -5734.837 
[1] 121.5107
[1] 56.11478
Iteration:  37 . Objective= -5406.705 
[1] 125.4648
[1] 56.16278
Iteration:  38 . Objective= -5084.67 
[1] 129.4502
[1] 56.21644
Iteration:  39 . Objective= -4768.354 
[1] 133.4649
[1] 56.26646
Iteration:  40 . Objective= -4457.207 
[1] 137.5065
[1] 56.32601
Iteration:  41 . Objective= -4151.022 
[1] 141.5723
[1] 56.39086
Iteration:  42 . Objective= -3849.432 
[1] 145.6597
[1] 56.45773
Iteration:  43 . Objective= -3551.686 
[1] 149.7668
[1] 56.52575
Iteration:  44 . Objective= -3256.974 
[1] 153.8923
[1] 56.60749
Iteration:  45 . Objective= -2964.807 
[1] 158.0356
[1] 56.68366
Iteration:  46 . Objective= -2675.025 
[1] 162.1964
[1] 56.77007
Iteration:  47 . Objective= -2387.684 
[1] 166.3754
[1] 56.85205
Iteration:  48 . Objective= -2102.718 
[1] 170.5726
[1] 56.95806
Iteration:  49 . Objective= -1819.943 
[1] 174.7889
[1] 57.0368
Iteration:  50 . Objective= -1539.173 
[1] 179.0211
[1] 57.20677
Iteration:  51 . Objective= -1260.645 
[1] 183.2726
[1] 57.16561
Iteration:  52 . Objective= -984.0377 
[1] 187.525
[1] 57.71205
Iteration:  53 . Objective= -710.4516 
[1] 191.8264
[1] 56.50504
Iteration:  54 . Objective= -438.8921 
[1] 196.0086
[1] 61.13763
Iteration:  55 . Objective= -202.646 
[1] 200.7635
[1] 48.88791
Iteration:  57 . Objective= -202.646 
[1] 195.9052
[1] 48.88791
Iteration:  59 . Objective= -202.646 
[1] 195.4664
[1] 48.88791
Iteration:  61 . Objective= -202.646 
[1] 195.2454
[1] 48.88791
For users of newer versions (1.0.1+): the `scores` matrix now contains factor scores, the `V` matrix is UNSCALED scores.
For users of newer versions (1.0.1+): the `scores` matrix now contains factor scores.
[1] -206832.3
[1] 100
Iteration:  1 . Objective= -25063.07 
[1] 2.306157
[1] 85.73963
Iteration:  2 . Objective= -24639.94 
[1] 4.479709
[1] 56.58363
Iteration:  3 . Objective= -23780.78 
[1] 7.01208
[1] 59.17923
Iteration:  4 . Objective= -22919.33 
[1] 9.595395
[1] 59.43333
Iteration:  5 . Objective= -22086.22 
[1] 12.28256
[1] 58.98663
Iteration:  6 . Objective= -21273.62 
[1] 15.13001
[1] 58.8383
Iteration:  7 . Objective= -20481.23 
[1] 18.1474
[1] 59.01173
Iteration:  8 . Objective= -19714.59 
[1] 21.3085
[1] 59.09463
Iteration:  9 . Objective= -18978.15 
[1] 24.57716
[1] 58.86782
Iteration:  10 . Objective= -18271.24 
[1] 27.91903
[1] 58.48714
Iteration:  11 . Objective= -17590.01 
[1] 31.30086
[1] 58.27218
Iteration:  12 . Objective= -16932.31 
[1] 34.69399
[1] 58.33048
Iteration:  13 . Objective= -16297.35 
[1] 38.08268
[1] 58.47296
Iteration:  14 . Objective= -15683.71 
[1] 41.46821
[1] 58.4243
Iteration:  15 . Objective= -15088.5 
[1] 44.86272
[1] 58.14759
Iteration:  16 . Objective= -14506.34 
[1] 48.27703
[1] 57.875
Iteration:  17 . Objective= -13934.06 
[1] 51.71493
[1] 57.7466
Iteration:  18 . Objective= -13371.93 
[1] 55.17707
[1] 57.6462
Iteration:  19 . Objective= -12821.24 
[1] 58.66401
[1] 57.48916
Iteration:  20 . Objective= -12283.32 
[1] 62.17439
[1] 57.36823
Iteration:  21 . Objective= -11759.79 
[1] 65.70461
[1] 57.33142
Iteration:  22 . Objective= -11252.77 
[1] 69.25278
[1] 57.26432
Iteration:  23 . Objective= -10763.8 
[1] 72.82062
[1] 57.10604
Iteration:  24 . Objective= -10293.39 
[1] 76.41062
[1] 56.94824
Iteration:  25 . Objective= -9841.492 
[1] 80.02413
[1] 56.83634
Iteration:  26 . Objective= -9407.605 
[1] 83.66207
[1] 56.7144
Iteration:  27 . Objective= -8990.494 
[1] 87.32477
[1] 56.58863
Iteration:  28 . Objective= -8588.626 
[1] 91.0116
[1] 56.50115
Iteration:  29 . Objective= -8200.635 
[1] 94.72263
[1] 56.41371
Iteration:  30 . Objective= -7824.948 
[1] 98.45914
[1] 56.30806
Iteration:  31 . Objective= -7459.656 
[1] 102.2226
[1] 56.2193
Iteration:  32 . Objective= -7102.898 
[1] 106.0151
[1] 56.12727
Iteration:  33 . Objective= -6752.958 
[1] 109.8397
[1] 56.02537
Iteration:  34 . Objective= -6408.447 
[1] 113.6969
[1] 56.02667
Iteration:  35 . Objective= -6069.029 
[1] 117.5867
[1] 56.07903
Iteration:  36 . Objective= -5735.018 
[1] 121.5091
[1] 56.11585
Iteration:  37 . Objective= -5406.86 
[1] 125.4637
[1] 56.16419
Iteration:  38 . Objective= -5084.805 
[1] 129.4495
[1] 56.2178
Iteration:  39 . Objective= -4768.474 
[1] 133.4645
[1] 56.26802
Iteration:  40 . Objective= -4457.319 
[1] 137.5063
[1] 56.3277
Iteration:  41 . Objective= -4151.128 
[1] 141.5722
[1] 56.39265
Iteration:  42 . Objective= -3849.536 
[1] 145.6597
[1] 56.45966
Iteration:  43 . Objective= -3551.791 
[1] 149.7669
[1] 56.5275
Iteration:  44 . Objective= -3257.082 
[1] 153.8923
[1] 56.60941
Iteration:  45 . Objective= -2964.918 
[1] 158.0355
[1] 56.68543
Iteration:  46 . Objective= -2675.139 
[1] 162.1962
[1] 56.77176
Iteration:  47 . Objective= -2387.8 
[1] 166.375
[1] 56.85387
Iteration:  48 . Objective= -2102.837 
[1] 170.572
[1] 56.95996
Iteration:  49 . Objective= -1820.066 
[1] 174.7881
[1] 57.03836
Iteration:  50 . Objective= -1539.298 
[1] 179.0201
[1] 57.20908
Iteration:  51 . Objective= -1260.774 
[1] 183.2714
[1] 57.16549
Iteration:  52 . Objective= -984.1662 
[1] 187.5234
[1] 57.71856
Iteration:  53 . Objective= -710.5954 
[1] 191.8251
[1] 56.49091
Iteration:  54 . Objective= -439.0834 
[1] 196.0057
[1] 61.19801
Iteration:  55 . Objective= -203.7298 
[1] 200.7627
[1] 48.94857
Iteration:  57 . Objective= -203.7298 
[1] 195.9038
[1] 48.94857
Iteration:  59 . Objective= -203.7298 
[1] 195.4639
[1] 48.94857
Iteration:  61 . Objective= -203.7298 
[1] 195.2426
[1] 48.94857
For users of newer versions (1.0.1+): the `scores` matrix now contains factor scores, the `V` matrix is UNSCALED scores.
For users of newer versions (1.0.1+): the `scores` matrix now contains factor scores.
[1] -206832.5
[1] 125
Iteration:  1 . Objective= -24883.35 
[1] 5.841828
[1] 84.61122
Iteration:  2 . Objective= -24440.06 
[1] 6.232102
[1] 56.55574
Iteration:  3 . Objective= -23594.23 
[1] 7.87873
[1] 59.21923
Iteration:  4 . Objective= -22748.26 
[1] 10.12559
[1] 59.61177
Iteration:  5 . Objective= -21928.04 
[1] 12.6349
[1] 58.92843
Iteration:  6 . Objective= -21132.92 
[1] 15.36688
[1] 58.67759
Iteration:  7 . Objective= -20360.98 
[1] 18.30307
[1] 58.93863
Iteration:  8 . Objective= -19618.26 
[1] 21.40169
[1] 59.14038
Iteration:  9 . Objective= -18907.79 
[1] 24.61869
[1] 58.93703
Iteration:  10 . Objective= -18225.54 
[1] 27.91847
[1] 58.50265
Iteration:  11 . Objective= -17564.68 
[1] 31.26878
[1] 58.24393
Iteration:  12 . Objective= -16921.76 
[1] 34.64114
[1] 58.30937
Iteration:  13 . Objective= -16296.58 
[1] 38.01874
[1] 58.47771
Iteration:  14 . Objective= -15689.01 
[1] 41.40105
[1] 58.43365
Iteration:  15 . Objective= -15097.15 
[1] 44.7977
[1] 58.1452
Iteration:  16 . Objective= -14516.28 
[1] 48.21668
[1] 57.87283
Iteration:  17 . Objective= -13944 
[1] 51.65966
[1] 57.75574
Iteration:  18 . Objective= -13381.22 
[1] 55.1268
[1] 57.6561
Iteration:  19 . Objective= -12829.6 
[1] 58.61917
[1] 57.48728
Iteration:  20 . Objective= -12290.51 
[1] 62.13572
[1] 57.36169
Iteration:  21 . Objective= -11765.69 
[1] 65.67245
[1] 57.33088
Iteration:  22 . Objective= -11257.38 
[1] 69.22708
[1] 57.26507
Iteration:  23 . Objective= -10767.2 
[1] 72.80111
[1] 57.10222
Iteration:  24 . Objective= -10295.6 
[1] 76.39683
[1] 56.94541
Iteration:  25 . Objective= -9842.624 
[1] 80.01533
[1] 56.83658
Iteration:  26 . Objective= -9407.874 
[1] 83.65748
[1] 56.71157
Iteration:  27 . Objective= -8990.122 
[1] 87.32362
[1] 56.58392
Iteration:  28 . Objective= -8587.814 
[1] 91.01315
[1] 56.49986
Iteration:  29 . Objective= -8199.572 
[1] 94.72628
[1] 56.41275
Iteration:  30 . Objective= -7823.764 
[1] 98.4644
[1] 56.30575
Iteration:  31 . Objective= -7458.422 
[1] 102.229
[1] 56.21904
Iteration:  32 . Objective= -7101.66 
[1] 106.0222
[1] 56.12702
Iteration:  33 . Objective= -6751.746 
[1] 109.847
[1] 56.02407
Iteration:  34 . Objective= -6407.281 
[1] 113.7044
[1] 56.01616
Iteration:  35 . Objective= -6067.883 
[1] 117.5941
[1] 56.06717
Iteration:  36 . Objective= -5733.878 
[1] 121.5166
[1] 56.10294
Iteration:  37 . Objective= -5405.713 
[1] 125.4716
[1] 56.14737
Iteration:  38 . Objective= -5083.623 
[1] 129.4579
[1] 56.20007
Iteration:  39 . Objective= -4767.232 
[1] 133.4738
[1] 56.24821
Iteration:  40 . Objective= -4455.997 
[1] 137.5167
[1] 56.30567
Iteration:  41 . Objective= -4149.715 
[1] 141.584
[1] 56.37027
Iteration:  42 . Objective= -3848.03 
[1] 145.6732
[1] 56.43518
Iteration:  43 . Objective= -3550.184 
[1] 149.7823
[1] 56.50383
Iteration:  44 . Objective= -3255.377 
[1] 153.9098
[1] 56.58651
Iteration:  45 . Objective= -2963.128 
[1] 158.0552
[1] 56.66124
Iteration:  46 . Objective= -2673.278 
[1] 162.2181
[1] 56.74903
Iteration:  47 . Objective= -2385.889 
[1] 166.3992
[1] 56.83022
Iteration:  48 . Objective= -2100.891 
[1] 170.5986
[1] 56.93553
Iteration:  49 . Objective= -1818.095 
[1] 174.8171
[1] 57.01435
Iteration:  50 . Objective= -1537.314 
[1] 179.0513
[1] 57.18537
Iteration:  51 . Objective= -1258.786 
[1] 183.3048
[1] 57.14412
Iteration:  52 . Objective= -982.1887 
[1] 187.5587
[1] 57.69665
Iteration:  53 . Objective= -708.6396 
[1] 191.8623
[1] 56.47213
Iteration:  54 . Objective= -437.2119 
[1] 196.0437
[1] 61.18223
Iteration:  55 . Objective= -202.4898 
[1] 200.8034
[1] 49.00021
Iteration:  57 . Objective= -202.4898 
[1] 195.9425
[1] 49.00021
Iteration:  59 . Objective= -202.4898 
[1] 195.5021
[1] 49.00021
Iteration:  61 . Objective= -202.4898 
[1] 195.2806
[1] 49.00021
For users of newer versions (1.0.1+): the `scores` matrix now contains factor scores, the `V` matrix is UNSCALED scores.
For users of newer versions (1.0.1+): the `scores` matrix now contains factor scores.
[1] -206825.9
[1] 150
Iteration:  1 . Objective= -25046.85 
[1] 2.780768
[1] 85.55909
Iteration:  2 . Objective= -24620.58 
[1] 4.613528
[1] 56.57803
Iteration:  3 . Objective= -23759.08 
[1] 7.083977
[1] 59.16401
Iteration:  4 . Objective= -22898.96 
[1] 9.639149
[1] 59.46606
Iteration:  5 . Objective= -22068.07 
[1] 12.30473
[1] 59.02052
Iteration:  6 . Objective= -21259.13 
[1] 15.13508
[1] 58.84563
Iteration:  7 . Objective= -20470.62 
[1] 18.14109
[1] 59.00485
Iteration:  8 . Objective= -19707.62 
[1] 21.29572
[1] 59.09077
Iteration:  9 . Objective= -18974.32 
[1] 24.56108
[1] 58.86946
Iteration:  10 . Objective= -18269.91 
[1] 27.9017
[1] 58.48646
Iteration:  11 . Objective= -17590.38 
[1] 31.28389
[1] 58.26533
Iteration:  12 . Objective= -16933.61 
[1] 34.67866
[1] 58.32243
Iteration:  13 . Objective= -16298.96 
[1] 38.06977
[1] 58.4702
Iteration:  14 . Objective= -15685.29 
[1] 41.45801
[1] 58.42714
Iteration:  15 . Objective= -15089.92 
[1] 44.85511
[1] 58.15139
Iteration:  16 . Objective= -14507.56 
[1] 48.27166
[1] 57.87676
Iteration:  17 . Objective= -13935.08 
[1] 51.7114
[1] 57.74719
Iteration:  18 . Objective= -13372.75 
[1] 55.17503
[1] 57.64688
Iteration:  19 . Objective= -12821.88 
[1] 58.66323
[1] 57.48901
Iteration:  20 . Objective= -12283.79 
[1] 62.17474
[1] 57.36664
Iteration:  21 . Objective= -11760.11 
[1] 65.70595
[1] 57.32996
Iteration:  22 . Objective= -11252.92 
[1] 69.25492
[1] 57.26416
Iteration:  23 . Objective= -10763.81 
[1] 72.82335
[1] 57.10634
Iteration:  24 . Objective= -10293.29 
[1] 76.41377
[1] 56.94821
Iteration:  25 . Objective= -9841.292 
[1] 80.02753
[1] 56.83632
Iteration:  26 . Objective= -9407.343 
[1] 83.66554
[1] 56.71436
Iteration:  27 . Objective= -8990.203 
[1] 87.32818
[1] 56.58833
Iteration:  28 . Objective= -8588.331 
[1] 91.01483
[1] 56.50109
Iteration:  29 . Objective= -8200.354 
[1] 94.7256
[1] 56.41398
Iteration:  30 . Objective= -7824.695 
[1] 98.4618
[1] 56.30808
Iteration:  31 . Objective= -7459.434 
[1] 102.2249
[1] 56.21931
Iteration:  32 . Objective= -7102.705 
[1] 106.0171
[1] 56.12748
Iteration:  33 . Objective= -6752.792 
[1] 109.8413
[1] 56.02531
Iteration:  34 . Objective= -6408.307 
[1] 113.6982
[1] 56.02549
Iteration:  35 . Objective= -6068.906 
[1] 117.5877
[1] 56.07769
Iteration:  36 . Objective= -5734.907 
[1] 121.5098
[1] 56.1144
Iteration:  37 . Objective= -5406.756 
[1] 125.4642
[1] 56.16241
Iteration:  38 . Objective= -5084.702 
[1] 129.4499
[1] 56.21601
Iteration:  39 . Objective= -4768.368 
[1] 133.4649
[1] 56.2661
Iteration:  40 . Objective= -4457.207 
[1] 137.5067
[1] 56.32545
Iteration:  41 . Objective= -4151.007 
[1] 141.5727
[1] 56.39044
Iteration:  42 . Objective= -3849.406 
[1] 145.6603
[1] 56.45721
Iteration:  43 . Objective= -3551.65 
[1] 149.7676
[1] 56.52509
Iteration:  44 . Objective= -3256.93 
[1] 153.8933
[1] 56.60711
Iteration:  45 . Objective= -2964.757 
[1] 158.0367
[1] 56.68278
Iteration:  46 . Objective= -2674.97 
[1] 162.1977
[1] 56.76965
Iteration:  47 . Objective= -2387.624 
[1] 166.3767
[1] 56.85097
Iteration:  48 . Objective= -2102.655 
[1] 170.574
[1] 56.95785
Iteration:  49 . Objective= -1819.879 
[1] 174.7905
[1] 57.03481
Iteration:  50 . Objective= -1539.105 
[1] 179.0227
[1] 57.20867
Iteration:  51 . Objective= -1260.581 
[1] 183.2744
[1] 57.15785
Iteration:  52 . Objective= -983.963 
[1] 187.5263
[1] 57.73144
Iteration:  53 . Objective= -710.4329 
[1] 191.8297
[1] 56.443
Iteration:  54 . Objective= -439.073 
[1] 196.0062
[1] 61.37001
Iteration:  55 . Objective= -206.4692 
[1] 200.7683
[1] 49.18865
Iteration:  57 . Objective= -206.4692 
[1] 195.9078
[1] 49.18865
Iteration:  59 . Objective= -206.4692 
[1] 195.4653
[1] 49.18865
Iteration:  61 . Objective= -206.4692 
[1] 195.2433
[1] 49.18865
For users of newer versions (1.0.1+): the `scores` matrix now contains factor scores, the `V` matrix is UNSCALED scores.
For users of newer versions (1.0.1+): the `scores` matrix now contains factor scores.
[1] -206831.8
[1] 175
Iteration:  1 . Objective= -24881.99 
[1] 5.083225
[1] 84.8315
Iteration:  2 . Objective= -24440.47 
[1] 5.715342
[1] 56.54106
Iteration:  3 . Objective= -23592.73 
[1] 7.63431
[1] 59.15648
Iteration:  4 . Objective= -22753.91 
[1] 9.990312
[1] 59.55181
Iteration:  5 . Objective= -21942.47 
[1] 12.55056
[1] 58.92882
Iteration:  6 . Objective= -21145.85 
[1] 15.31216
[1] 58.72012
Iteration:  7 . Objective= -20373.05 
[1] 18.26757
[1] 58.96412
Iteration:  8 . Objective= -19629.44 
[1] 21.3799
[1] 59.13685
Iteration:  9 . Objective= -18917.41 
[1] 24.60738
[1] 58.9286
Iteration:  10 . Objective= -18233.13 
[1] 27.91508
[1] 58.50817
Iteration:  11 . Objective= -17570.23 
[1] 31.27101
[1] 58.25803
Iteration:  12 . Objective= -16925.56 
[1] 34.64711
[1] 58.3166
Iteration:  13 . Objective= -16298.9 
[1] 38.02701
[1] 58.47358
Iteration:  14 . Objective= -15690.03 
[1] 41.41047
[1] 58.42666
Iteration:  15 . Objective= -15097.04 
[1] 44.80734
[1] 58.14312
Iteration:  16 . Objective= -14515.35 
[1] 48.22591
[1] 57.87391
Iteration:  17 . Objective= -13942.55 
[1] 51.66822
[1] 57.75494
Iteration:  18 . Objective= -13379.52 
[1] 55.13458
[1] 57.65376
Iteration:  19 . Objective= -12827.84 
[1] 58.62607
[1] 57.48682
Iteration:  20 . Objective= -12288.86 
[1] 62.14157
[1] 57.36264
Iteration:  21 . Objective= -11764.27 
[1] 65.67717
[1] 57.33066
Iteration:  22 . Objective= -11256.25 
[1] 69.23067
[1] 57.26449
Iteration:  23 . Objective= -10766.34 
[1] 72.80361
[1] 57.10326
Iteration:  24 . Objective= -10295.03 
[1] 76.3983
[1] 56.94697
Iteration:  25 . Objective= -9842.317 
[1] 80.01589
[1] 56.83755
Iteration:  26 . Objective= -9407.784 
[1] 83.65724
[1] 56.71317
Iteration:  27 . Objective= -8990.196 
[1] 87.32269
[1] 56.58607
Iteration:  28 . Objective= -8588.006 
[1] 91.01166
[1] 56.50109
Iteration:  29 . Objective= -8199.835 
[1] 94.72434
[1] 56.41373
Iteration:  30 . Objective= -7824.067 
[1] 98.46212
[1] 56.30715
Iteration:  31 . Objective= -7458.749 
[1] 102.2265
[1] 56.22002
Iteration:  32 . Objective= -7102 
[1] 106.0195
[1] 56.12805
Iteration:  33 . Objective= -6752.091 
[1] 109.8442
[1] 56.02542
Iteration:  34 . Objective= -6407.625 
[1] 113.7017
[1] 56.01707
Iteration:  35 . Objective= -6068.216 
[1] 117.5916
[1] 56.06831
Iteration:  36 . Objective= -5734.19 
[1] 121.5142
[1] 56.10418
Iteration:  37 . Objective= -5405.998 
[1] 125.4693
[1] 56.14915
Iteration:  38 . Objective= -5083.882 
[1] 129.4558
[1] 56.20169
Iteration:  39 . Objective= -4767.468 
[1] 133.4719
[1] 56.25007
Iteration:  40 . Objective= -4456.214 
[1] 137.5149
[1] 56.30787
Iteration:  41 . Objective= -4149.918 
[1] 141.5823
[1] 56.37227
Iteration:  42 . Objective= -3848.223 
[1] 145.6715
[1] 56.43775
Iteration:  43 . Objective= -3550.373 
[1] 149.7806
[1] 56.50588
Iteration:  44 . Objective= -3255.565 
[1] 153.9081
[1] 56.58872
Iteration:  45 . Objective= -2963.318 
[1] 158.0534
[1] 56.66373
Iteration:  46 . Objective= -2673.471 
[1] 162.2162
[1] 56.75073
Iteration:  47 . Objective= -2386.082 
[1] 166.3971
[1] 56.8329
Iteration:  48 . Objective= -2101.085 
[1] 170.5963
[1] 56.9369
Iteration:  49 . Objective= -1818.287 
[1] 174.8145
[1] 57.01796
Iteration:  50 . Objective= -1537.506 
[1] 179.0486
[1] 57.18352
Iteration:  51 . Objective= -1258.967 
[1] 183.3015
[1] 57.15522
Iteration:  52 . Objective= -982.3781 
[1] 187.5559
[1] 57.67099
Iteration:  53 . Objective= -708.7476 
[1] 191.8566
[1] 56.55652
Iteration:  54 . Objective= -437.0586 
[1] 196.0456
[1] 60.87069
Iteration:  55 . Objective= -197.502 
[1] 200.7921
[1] 48.6632
Iteration:  57 . Objective= -197.502 
[1] 195.936
[1] 48.6632
Iteration:  59 . Objective= -197.502 
[1] 195.5014
[1] 48.6632
Iteration:  61 . Objective= -197.502 
[1] 195.2817
[1] 48.6632
For users of newer versions (1.0.1+): the `scores` matrix now contains factor scores, the `V` matrix is UNSCALED scores.
For users of newer versions (1.0.1+): the `scores` matrix now contains factor scores.
[1] -206827.2
[1] 200
Iteration:  1 . Objective= -25068.85 
[1] 2.582703
[1] 85.62847
Iteration:  2 . Objective= -24645.22 
[1] 4.541609
[1] 56.61301
Iteration:  3 . Objective= -23780.65 
[1] 7.034988
[1] 59.15566
Iteration:  4 . Objective= -22920.71 
[1] 9.597797
[1] 59.46371
Iteration:  5 . Objective= -22086.66 
[1] 12.2673
[1] 59.03263
Iteration:  6 . Objective= -21274.5 
[1] 15.10097
[1] 58.86177
Iteration:  7 . Objective= -20483.01 
[1] 18.11119
[1] 59.01486
Iteration:  8 . Objective= -19717.24 
[1] 21.27117
[1] 59.09471
Iteration:  9 . Objective= -18981.47 
[1] 24.5424
[1] 58.87233
Iteration:  10 . Objective= -18274.96 
[1] 27.88873
[1] 58.48925
Iteration:  11 . Objective= -17593.77 
[1] 31.27602
[1] 58.26524
Iteration:  12 . Objective= -16935.7 
[1] 34.67509
[1] 58.31865
Iteration:  13 . Objective= -16300.04 
[1] 38.0696
[1] 58.46613
Iteration:  14 . Objective= -15685.61 
[1] 41.46032
[1] 58.42632
Iteration:  15 . Objective= -15089.73 
[1] 44.8591
[1] 58.15319
Iteration:  16 . Objective= -14507.09 
[1] 48.27677
[1] 57.87789
Iteration:  17 . Objective= -13934.49 
[1] 51.71726
[1] 57.74649
Iteration:  18 . Objective= -13372.12 
[1] 55.18131
[1] 57.64595
Iteration:  19 . Objective= -12821.25 
[1] 58.66965
[1] 57.48883
Iteration:  20 . Objective= -12283.2 
[1] 62.18107
[1] 57.36627
Iteration:  21 . Objective= -11759.57 
[1] 65.71203
[1] 57.32914
Iteration:  22 . Objective= -11252.45 
[1] 69.26065
[1] 57.26405
Iteration:  23 . Objective= -10763.41 
[1] 72.82864
[1] 57.10706
Iteration:  24 . Objective= -10292.97 
[1] 76.41856
[1] 56.94862
Iteration:  25 . Objective= -9841.054 
[1] 80.03178
[1] 56.83629
Iteration:  26 . Objective= -9407.173 
[1] 83.66928
[1] 56.71458
Iteration:  27 . Objective= -8990.086 
[1] 87.33141
[1] 56.58856
Iteration:  28 . Objective= -8588.253 
[1] 91.01761
[1] 56.50102
Iteration:  29 . Objective= -8200.304 
[1] 94.72794
[1] 56.4141
Iteration:  30 . Objective= -7824.663 
[1] 98.46375
[1] 56.30837
Iteration:  31 . Objective= -7459.419 
[1] 102.2265
[1] 56.2194
Iteration:  32 . Objective= -7102.704 
[1] 106.0184
[1] 56.12762
Iteration:  33 . Objective= -6752.805 
[1] 109.8423
[1] 56.02545
Iteration:  34 . Objective= -6408.329 
[1] 113.699
[1] 56.02528
Iteration:  35 . Objective= -6068.935 
[1] 117.5883
[1] 56.07758
Iteration:  36 . Objective= -5734.938 
[1] 121.5102
[1] 56.11421
Iteration:  37 . Objective= -5406.787 
[1] 125.4645
[1] 56.16217
Iteration:  38 . Objective= -5084.73 
[1] 129.4501
[1] 56.21573
Iteration:  39 . Objective= -4768.392 
[1] 133.465
[1] 56.26572
Iteration:  40 . Objective= -4457.226 
[1] 137.5068
[1] 56.32502
Iteration:  41 . Objective= -4151.02 
[1] 141.5727
[1] 56.38994
Iteration:  42 . Objective= -3849.413 
[1] 145.6603
[1] 56.45672
Iteration:  43 . Objective= -3551.651 
[1] 149.7676
[1] 56.52446
Iteration:  44 . Objective= -3256.925 
[1] 153.8932
[1] 56.60644
Iteration:  45 . Objective= -2964.746 
[1] 158.0367
[1] 56.68211
Iteration:  46 . Objective= -2674.953 
[1] 162.1976
[1] 56.76881
Iteration:  47 . Objective= -2387.603 
[1] 166.3767
[1] 56.85024
Iteration:  48 . Objective= -2102.628 
[1] 170.574
[1] 56.95687
Iteration:  49 . Objective= -1819.847 
[1] 174.7905
[1] 57.0342
Iteration:  50 . Objective= -1539.068 
[1] 179.0228
[1] 57.20714
Iteration:  51 . Objective= -1260.539 
[1] 183.2745
[1] 57.15863
Iteration:  52 . Objective= -983.9196 
[1] 187.5266
[1] 57.72562
Iteration:  53 . Objective= -710.3725 
[1] 191.8296
[1] 56.45744
Iteration:  54 . Objective= -438.959 
[1] 196.0076
[1] 61.3112
Iteration:  55 . Objective= -205.4364 
[1] 200.7697
[1] 49.07037
Iteration:  57 . Objective= -205.4364 
[1] 195.9088
[1] 49.07037
Iteration:  59 . Objective= -205.4364 
[1] 195.4668
[1] 49.07037
Iteration:  61 . Objective= -205.4364 
[1] 195.2448
[1] 49.07037
For users of newer versions (1.0.1+): the `scores` matrix now contains factor scores, the `V` matrix is UNSCALED scores.
For users of newer versions (1.0.1+): the `scores` matrix now contains factor scores.
[1] -206831.7
[1] 225
Iteration:  1 . Objective= -24978.65 
[1] 2.671158
[1] 85.58286
Iteration:  2 . Objective= -24545.63 
[1] 4.640829
[1] 56.55335
Iteration:  3 . Objective= -23704.14 
[1] 7.135569
[1] 59.15533
Iteration:  4 . Objective= -22852.4 
[1] 9.703656
[1] 59.42642
Iteration:  5 . Objective= -22027.11 
[1] 12.38111
[1] 58.95438
Iteration:  6 . Objective= -21223.9 
[1] 15.21937
[1] 58.80726
Iteration:  7 . Objective= -20441.33 
[1] 18.22527
[1] 59.00601
Iteration:  8 . Objective= -19684.45 
[1] 21.3721
[1] 59.10452
Iteration:  9 . Objective= -18956.95 
[1] 24.62525
[1] 58.87312
Iteration:  10 . Objective= -18257.46 
[1] 27.95218
[1] 58.4839
Iteration:  11 . Objective= -17581.84 
[1] 31.32081
[1] 58.27047
Iteration:  12 . Objective= -16928.12 
[1] 34.70301
[1] 58.33589
Iteration:  13 . Objective= -16295.89 
[1] 38.08323
[1] 58.47923
Iteration:  14 . Objective= -15684.02 
[1] 41.4627
[1] 58.42362
Iteration:  15 . Objective= -15089.78 
[1] 44.85312
[1] 58.14193
Iteration:  16 . Objective= -14508 
[1] 48.26463
[1] 57.87247
Iteration:  17 . Objective= -13935.76 
[1] 51.70055
[1] 57.74905
Iteration:  18 . Objective= -13373.57 
[1] 55.16137
[1] 57.64847
Iteration:  19 . Objective= -12822.79 
[1] 58.64768
[1] 57.48882
Iteration:  20 . Objective= -12284.75 
[1] 62.15803
[1] 57.36837
Iteration:  21 . Objective= -11761.1 
[1] 65.68861
[1] 57.33317
Iteration:  22 . Objective= -11253.96 
[1] 69.23748
[1] 57.26477
Iteration:  23 . Objective= -10764.85 
[1] 72.80629
[1] 57.10471
Iteration:  24 . Objective= -10294.27 
[1] 76.39745
[1] 56.94773
Iteration:  25 . Objective= -9842.19 
[1] 80.01221
[1] 56.83672
Iteration:  26 . Objective= -9408.147 
[1] 83.65143
[1] 56.71402
Iteration:  27 . Objective= -8990.904 
[1] 87.31538
[1] 56.58827
Iteration:  28 . Objective= -8588.929 
[1] 91.0034
[1] 56.5015
Iteration:  29 . Objective= -8200.859 
[1] 94.71556
[1] 56.41357
Iteration:  30 . Objective= -7825.111 
[1] 98.45314
[1] 56.30769
Iteration:  31 . Objective= -7459.767 
[1] 102.2176
[1] 56.2195
Iteration:  32 . Objective= -7102.965 
[1] 106.011
[1] 56.12726
Iteration:  33 . Objective= -6752.986 
[1] 109.8364
[1] 56.02534
Iteration:  34 . Objective= -6408.443 
[1] 113.6945
[1] 56.02456
Iteration:  35 . Objective= -6068.987 
[1] 117.585
[1] 56.07694
Iteration:  36 . Objective= -5734.938 
[1] 121.5081
[1] 56.11339
Iteration:  37 . Objective= -5406.742 
[1] 125.4634
[1] 56.16115
Iteration:  38 . Objective= -5084.649 
[1] 129.4498
[1] 56.21476
Iteration:  39 . Objective= -4768.281 
[1] 133.4655
[1] 56.26448
Iteration:  40 . Objective= -4457.091 
[1] 137.508
[1] 56.32399
Iteration:  41 . Objective= -4150.867 
[1] 141.5746
[1] 56.38894
Iteration:  42 . Objective= -3849.248 
[1] 145.6627
[1] 56.45551
Iteration:  43 . Objective= -3551.479 
[1] 149.7705
[1] 56.52363
Iteration:  44 . Objective= -3256.749 
[1] 153.8965
[1] 56.60569
Iteration:  45 . Objective= -2964.57 
[1] 158.0403
[1] 56.68145
Iteration:  46 . Objective= -2674.781 
[1] 162.2015
[1] 56.76816
Iteration:  47 . Objective= -2387.436 
[1] 166.3807
[1] 56.84985
Iteration:  48 . Objective= -2102.47 
[1] 170.5782
[1] 56.9562
Iteration:  49 . Objective= -1819.699 
[1] 174.7948
[1] 57.03382
Iteration:  50 . Objective= -1538.932 
[1] 179.027
[1] 57.20643
Iteration:  51 . Objective= -1260.415 
[1] 183.2787
[1] 57.15824
Iteration:  52 . Objective= -983.8077 
[1] 187.5307
[1] 57.72561
Iteration:  53 . Objective= -710.2751 
[1] 191.8337
[1] 56.45407
Iteration:  54 . Objective= -438.9004 
[1] 196.011
[1] 61.32513
Iteration:  55 . Objective= -205.7771 
[1] 200.7739
[1] 49.10304
Iteration:  57 . Objective= -205.7771 
[1] 195.9128
[1] 49.10304
Iteration:  59 . Objective= -205.7771 
[1] 195.4703
[1] 49.10304
Iteration:  61 . Objective= -205.7771 
[1] 195.2483
[1] 49.10304
For users of newer versions (1.0.1+): the `scores` matrix now contains factor scores, the `V` matrix is UNSCALED scores.
For users of newer versions (1.0.1+): the `scores` matrix now contains factor scores.
[1] -206831.1
[1] 250
Iteration:  1 . Objective= -25059.39 
[1] 2.289601
[1] 85.74816
Iteration:  2 . Objective= -24640.47 
[1] 4.47773
[1] 56.60692
Iteration:  3 . Objective= -23779.97 
[1] 7.01279
[1] 59.1836
Iteration:  4 . Objective= -22919.45 
[1] 9.595085
[1] 59.45289
Iteration:  5 . Objective= -22087.05 
[1] 12.27918
[1] 59.00998
Iteration:  6 . Objective= -21275.18 
[1] 15.1233
[1] 58.84956
Iteration:  7 . Objective= -20483.23 
[1] 18.13872
[1] 59.01034
Iteration:  8 . Objective= -19716.63 
[1] 21.29965
[1] 59.0896
Iteration:  9 . Objective= -18979.93 
[1] 24.56941
[1] 58.86519
Iteration:  10 . Objective= -18272.66 
[1] 27.91302
[1] 58.48591
Iteration:  11 . Objective= -17591.03 
[1] 31.29681
[1] 58.26963
Iteration:  12 . Objective= -16932.95 
[1] 34.69182
[1] 58.32696
Iteration:  13 . Objective= -16297.64 
[1] 38.08209
[1] 58.47117
Iteration:  14 . Objective= -15683.73 
[1] 41.46883
[1] 58.42544
Iteration:  15 . Objective= -15088.36 
[1] 44.86417
[1] 58.14986
Iteration:  16 . Objective= -14506.13 
[1] 48.27905
[1] 57.87613
Iteration:  17 . Objective= -13933.85 
[1] 51.71734
[1] 57.74664
Iteration:  18 . Objective= -13371.74 
[1] 55.17971
[1] 57.64639
Iteration:  19 . Objective= -12821.08 
[1] 58.66674
[1] 57.48945
Iteration:  20 . Objective= -12283.19 
[1] 62.17711
[1] 57.36783
Iteration:  21 . Objective= -11759.69 
[1] 65.70725
[1] 57.33075
Iteration:  22 . Objective= -11252.68 
[1] 69.25527
[1] 57.26434
Iteration:  23 . Objective= -10763.74 
[1] 72.82289
[1] 57.10647
Iteration:  24 . Objective= -10293.35 
[1] 76.41264
[1] 56.94837
Iteration:  25 . Objective= -9841.469 
[1] 80.02588
[1] 56.83636
Iteration:  26 . Objective= -9407.597 
[1] 83.66354
[1] 56.7146
Iteration:  27 . Objective= -8990.498 
[1] 87.32598
[1] 56.5887
Iteration:  28 . Objective= -8588.638 
[1] 91.01256
[1] 56.50114
Iteration:  29 . Objective= -8200.651 
[1] 94.72336
[1] 56.41389
Iteration:  30 . Objective= -7824.969 
[1] 98.45966
[1] 56.30816
Iteration:  31 . Objective= -7459.681 
[1] 102.2229
[1] 56.2193
Iteration:  32 . Objective= -7102.927 
[1] 106.0153
[1] 56.12738
Iteration:  33 . Objective= -6752.99 
[1] 109.8397
[1] 56.02534
Iteration:  34 . Objective= -6408.482 
[1] 113.6969
[1] 56.02607
Iteration:  35 . Objective= -6069.061 
[1] 117.5867
[1] 56.07831
Iteration:  36 . Objective= -5735.044 
[1] 121.509
[1] 56.11511
Iteration:  37 . Objective= -5406.878 
[1] 125.4636
[1] 56.16334
Iteration:  38 . Objective= -5084.812 
[1] 129.4494
[1] 56.21685
Iteration:  39 . Objective= -4768.469 
[1] 133.4645
[1] 56.26705
Iteration:  40 . Objective= -4457.301 
[1] 137.5065
[1] 56.32641
Iteration:  41 . Objective= -4151.096 
[1] 141.5725
[1] 56.39141
Iteration:  42 . Objective= -3849.49 
[1] 145.6601
[1] 56.45831
Iteration:  43 . Objective= -3551.732 
[1] 149.7674
[1] 56.52594
Iteration:  44 . Objective= -3257.01 
[1] 153.893
[1] 56.608
Iteration:  45 . Objective= -2964.835 
[1] 158.0363
[1] 56.68359
Iteration:  46 . Objective= -2675.046 
[1] 162.1972
[1] 56.77029
Iteration:  47 . Objective= -2387.698 
[1] 166.3761
[1] 56.85175
Iteration:  48 . Objective= -2102.726 
[1] 170.5733
[1] 56.95863
Iteration:  49 . Objective= -1819.948 
[1] 174.7897
[1] 57.03539
Iteration:  50 . Objective= -1539.171 
[1] 179.0218
[1] 57.20964
Iteration:  51 . Objective= -1260.647 
[1] 183.2734
[1] 57.15748
Iteration:  52 . Objective= -984.0265 
[1] 187.5251
[1] 57.73465
Iteration:  53 . Objective= -710.5031 
[1] 191.8287
[1] 56.43521
Iteration:  54 . Objective= -439.1694 
[1] 196.0044
[1] 61.40217
Iteration:  55 . Objective= -207.0531 
[1] 200.766
[1] 49.26157
Iteration:  57 . Objective= -207.0531 
[1] 195.906
[1] 49.26157
Iteration:  59 . Objective= -207.0531 
[1] 195.4633
[1] 49.26157
Iteration:  61 . Objective= -207.0531 
[1] 195.2413
[1] 49.26157
For users of newer versions (1.0.1+): the `scores` matrix now contains factor scores, the `V` matrix is UNSCALED scores.
For users of newer versions (1.0.1+): the `scores` matrix now contains factor scores.
[1] -206831.9
Warning messages:
1: In gbm.sc(Y.sub, M = M, tol = tol, max.iter = max.iter) :
  Maximum number of iterations reached (increase max.iter).
              Possible non-convergence.
2: In gbm.sc(Y.sub, M = M, tol = tol, max.iter = max.iter) :
  Maximum number of iterations reached (increase max.iter).
              Possible non-convergence.
[1] "STARTING"
0.301342 -334013.9 
1.139195 -334013.9 
1.956774 -334013.9 
2.70188 -334013.9 
3.434091 -334102.3 
4.180822 -8.962889e+21 
5.366397 -Inf 
6.229668 -334013.9 
7.002426 -334013.9 
7.797081 -334013.9 
8.588575 -334013.9 
9.326673 -334013.9 
10.05517 -334021.9 
10.80508 -433742.3 
11.57325 -463796.8 
12.41998 -439627 
13.18976 -435944.6 
14.01566 -430054.5 
14.73501 -421675.1 
15.47095 -406498.4 
16.20947 -383123.9 
16.9747 -353023 
17.84247 -321173.2 
18.58875 -296488 
19.37059 -288700.1 
20.87849 -294602.7 
21.61867 -281935.9 
22.37271 -264722.6 
23.1002 -253331.5 
23.83446 -246905.5 
24.56807 -240655.8 
25.30808 -231998.4 
26.05252 -221752 
26.77849 -211464.7 
27.53823 -202004.6 
28.26952 -195282.7 
29.03221 -191477.7 
29.78502 -186244.7 
30.59076 -180508.8 
31.32884 -177327.4 
32.07556 -176496.6 
32.79824 -176101.1 
33.55935 -175595.5 
34.31001 -175169.6 
35.08389 -174929.4 
35.84463 -175199.7 
36.5995 -175468.5 
37.3568 -174809.3 
38.09797 -173756.7 
38.87371 -173290.6 
39.60496 -173599.1 
40.3437 -174358.3 
41.07447 -175054.5 
41.82253 -175591.1 
42.57178 -176097.9 
43.30137 -176545.8 
44.03449 -177063.5 
44.7727 -177785.7 
45.52082 -178670.6 
46.26234 -179578.6 
46.99943 -180491.9 
47.72944 -181586 
48.45836 -182927.2 
49.18672 -184415 
49.95988 -185889.3 
50.69796 -187292.3 
51.45254 -188673.7 
52.20444 -189976.6 
52.93074 -191085.2 
53.66383 -191973.5 
54.40555 -192666.9 
55.13166 -193156.1 
55.86112 -193418.9 
56.58987 -193505.5 
58.12576 -193525.4 
58.84769 -193543.6 
[1] "STARTING"
Trying Fisher scoring with penalty: 1
0.3077841 -334013.9 
Iteration: 1 | deviance=1.147e+06
8.326382 -334012.3 
Iteration: 2 | deviance=1.147e+06
16.43051 -213980.9 
Iteration: 3 | deviance=8.744e+05
25.17121 -166977.6 
Iteration: 4 | deviance=7.241e+05
33.26438 -166851.2 
Iteration: 5 | deviance=6.737e+05
41.36939 -170574.2 
Iteration: 6 | deviance=6.51e+05
49.48582 -173247.5 
Iteration: 7 | deviance=6.391e+05
58.01672 -175125.3 
Iteration: 8 | deviance=6.317e+05
66.0038 -176472.2 
Iteration: 9 | deviance=6.266e+05
74.01723 -177466.9 
Iteration: 10 | deviance=6.229e+05
82.58774 -178232 
Iteration: 11 | deviance=6.2e+05
90.44896 -178842.8 
Iteration: 12 | deviance=6.177e+05
98.40623 -179345.1 
Iteration: 13 | deviance=6.158e+05
106.2289 -179767.6 
Iteration: 14 | deviance=6.142e+05
114.8882 -180129.3 
Iteration: 15 | deviance=6.128e+05
122.8032 -180442.8 
Iteration: 16 | deviance=6.117e+05
130.7589 -180717.4 
Iteration: 17 | deviance=6.106e+05
139.5023 -180959.9 
Iteration: 18 | deviance=6.097e+05
147.5665 -181175.6 
Iteration: 19 | deviance=6.089e+05
155.5449 -181368.6 
Iteration: 20 | deviance=6.082e+05
164.5343 -181542.2 
Iteration: 21 | deviance=6.076e+05
172.5054 -181699.2 
Iteration: 22 | deviance=6.07e+05
180.5137 -181841.8 
Iteration: 23 | deviance=6.065e+05
188.4885 -181972 
Iteration: 24 | deviance=6.06e+05
197.2724 -182091.3 
Iteration: 25 | deviance=6.056e+05
205.2047 -182201.3 
Iteration: 26 | deviance=6.052e+05
213.1357 -182302.9 
Iteration: 27 | deviance=6.048e+05
221.8162 -182397.3 
Iteration: 28 | deviance=6.045e+05
230.0362 -182485.1 
Iteration: 29 | deviance=6.041e+05
238.0442 -182567.1 
Iteration: 30 | deviance=6.038e+05
246.0714 -182643.9 
Iteration: 31 | deviance=6.036e+05
254.7956 -182716 
Iteration: 32 | deviance=6.033e+05
262.8952 -182783.8 
Iteration: 33 | deviance=6.031e+05
270.9338 -182847.9 
Iteration: 34 | deviance=6.028e+05
279.7651 -182908.5 
Iteration: 35 | deviance=6.026e+05
287.8899 -182965.9 
Iteration: 36 | deviance=6.024e+05
295.9442 -183020.5 
Iteration: 37 | deviance=6.022e+05
304.031 -183072.6 
Iteration: 38 | deviance=6.021e+05
312.7003 -183122.4 
Iteration: 39 | deviance=6.019e+05
320.7153 -183170.1 
Iteration: 40 | deviance=6.017e+05
328.7224 -183215.9 
Iteration: 41 | deviance=6.016e+05
337.4212 -183260 
Iteration: 42 | deviance=6.014e+05
345.3163 -183302.7 
Iteration: 43 | deviance=6.013e+05
353.2278 -183343.9 
Iteration: 44 | deviance=6.011e+05
361.1131 -183384 
Iteration: 45 | deviance=6.01e+05
369.9047 -183423 
Iteration: 46 | deviance=6.009e+05
377.8798 -183461 
Iteration: 47 | deviance=6.008e+05
385.7844 -183498.2 
Iteration: 48 | deviance=6.006e+05
394.3433 -183534.5 
Iteration: 49 | deviance=6.005e+05
402.503 -183570.2 
Iteration: 50 | deviance=6.004e+05
410.5957 -183605.2 
Iteration: 51 | deviance=6.003e+05
418.5996 -183639.6 
Iteration: 52 | deviance=6.002e+05
427.2871 -183673.6 
Iteration: 53 | deviance=6.001e+05
435.2085 -183707 
Iteration: 54 | deviance=6e+05
443.0874 -183740 
Iteration: 55 | deviance=5.999e+05
451.6458 -183772.7 
Iteration: 56 | deviance=5.999e+05
459.7863 -183804.9 
Iteration: 57 | deviance=5.998e+05
467.8659 -183836.9 
Iteration: 58 | deviance=5.997e+05
476.0086 -183868.5 
Iteration: 59 | deviance=5.996e+05
484.6959 -183899.9 
Iteration: 60 | deviance=5.995e+05
492.6187 -183931 
Iteration: 61 | deviance=5.995e+05
500.5234 -183961.8 
Iteration: 62 | deviance=5.994e+05
509.1655 -183992.5 
Iteration: 63 | deviance=5.993e+05
517.3785 -184022.9 
Iteration: 64 | deviance=5.993e+05
525.5791 -184053.2 
Iteration: 65 | deviance=5.992e+05
533.6068 -184083.2 
Iteration: 66 | deviance=5.991e+05
542.1622 -184113.1 
Iteration: 67 | deviance=5.991e+05
550.0498 -184142.8 
Iteration: 68 | deviance=5.99e+05
557.9287 -184172.4 
Iteration: 69 | deviance=5.989e+05
[1] "STARTING"
Trying AvaGrad with learning rate: 0.1
0.4952583 -3893436981 
Iteration: 1 | deviance=1.769e+07
Trying AvaGrad with learning rate: 0.02
2.005221 -413743.5 
Iteration: 1 | deviance=1.281e+06
2.468283 -382252.3 
Iteration: 2 | deviance=1.234e+06
2.947528 -366514.2 
Iteration: 3 | deviance=1.149e+06
3.416005 -339993.9 
Iteration: 4 | deviance=1.15e+06
3.905086 -292368.4 
Iteration: 5 | deviance=1.049e+06
4.384032 -261759.5 
Iteration: 6 | deviance=9.484e+05
4.869469 -233987.9 
Iteration: 7 | deviance=8.899e+05
5.335929 -209698.8 
Iteration: 8 | deviance=8.788e+05
5.810999 -192150.4 
Iteration: 9 | deviance=8.118e+05
6.275185 -185402.8 
Iteration: 10 | deviance=7.559e+05
6.749804 -182025.8 
Iteration: 11 | deviance=7.764e+05
7.219703 -182167.9 
Iteration: 12 | deviance=7.943e+05
7.708891 -184411.6 
Iteration: 13 | deviance=7.515e+05
8.176054 -187315.8 
Iteration: 14 | deviance=7.483e+05
8.652695 -189767.4 
Iteration: 15 | deviance=7.013e+05
9.125805 -191719.1 
Iteration: 16 | deviance=7.004e+05
9.592179 -195206.4 
Iteration: 17 | deviance=6.758e+05
10.06428 -199024.5 
Iteration: 18 | deviance=6.786e+05
10.52855 -202606.4 
Iteration: 19 | deviance=6.763e+05
11.00529 -204341.2 
Iteration: 20 | deviance=6.799e+05
11.48411 -206391.4 
Iteration: 21 | deviance=6.581e+05
11.9679 -206548.2 
Iteration: 22 | deviance=6.678e+05
12.44083 -206775.8 
Iteration: 23 | deviance=6.575e+05
12.92347 -206671.1 
Iteration: 24 | deviance=6.758e+05
13.3906 -207388.7 
Iteration: 25 | deviance=6.356e+05
13.85815 -206983.1 
Iteration: 26 | deviance=6.621e+05
14.32942 -2.491575e+24 
Iteration: 27 | deviance=6.587e+05
Trying AvaGrad with learning rate: 0.004
15.71823 -376309.7 
Iteration: 1 | deviance=1.26e+06
16.19323 -372548.4 
Iteration: 2 | deviance=1.189e+06
16.67218 -369321.8 
Iteration: 3 | deviance=1.216e+06
17.13736 -366711.2 
Iteration: 4 | deviance=1.207e+06
17.61295 -364473.6 
Iteration: 5 | deviance=1.245e+06
18.07975 -362556.5 
Iteration: 6 | deviance=1.173e+06
18.55415 -360592.9 
Iteration: 7 | deviance=1.188e+06
19.02115 -357886.5 
Iteration: 8 | deviance=1.139e+06
19.48866 -353300.1 
Iteration: 9 | deviance=1.222e+06
19.97284 -345356.5 
Iteration: 10 | deviance=1.159e+06
20.44434 -332627 
Iteration: 11 | deviance=1.161e+06
20.94245 -315092.5 
Iteration: 12 | deviance=1.091e+06
21.42313 -296174.1 
Iteration: 13 | deviance=1.077e+06
21.88842 -282628 
Iteration: 14 | deviance=1.032e+06
22.36033 -277685.8 
Iteration: 15 | deviance=1.043e+06
22.82849 -272426.7 
Iteration: 16 | deviance=1.055e+06
23.30701 -264438 
Iteration: 17 | deviance=9.917e+05
23.787 -256928.3 
Iteration: 18 | deviance=1.031e+06
24.25933 -250406.4 
Iteration: 19 | deviance=9.837e+05
24.74558 -242907.3 
Iteration: 20 | deviance=9.277e+05
25.22462 -233216.8 
Iteration: 21 | deviance=9.359e+05
25.71105 -221913.3 
Iteration: 22 | deviance=9.146e+05
26.17516 -210519.8 
Iteration: 23 | deviance=8.857e+05
26.64975 -199904.4 
Iteration: 24 | deviance=8.557e+05
27.11333 -191311.2 
Iteration: 25 | deviance=8.143e+05
27.58361 -185070.6 
Iteration: 26 | deviance=8.162e+05
28.05699 -180393.6 
Iteration: 27 | deviance=8.39e+05
28.53095 -176357 
Iteration: 28 | deviance=7.941e+05
29.029 -173438.7 
Iteration: 29 | deviance=7.912e+05
29.50917 -171378.8 
Iteration: 30 | deviance=7.72e+05
30.00348 -169510.7 
Iteration: 31 | deviance=7.925e+05
30.48299 -168082.3 
Iteration: 32 | deviance=7.772e+05
30.96416 -166830.5 
Iteration: 33 | deviance=7.428e+05
31.46261 -165453.9 
Iteration: 34 | deviance=7.685e+05
31.93612 -164441.7 
Iteration: 35 | deviance=7.623e+05
32.40922 -163615.1 
Iteration: 36 | deviance=7.548e+05
32.87846 -162535.7 
Iteration: 37 | deviance=7.374e+05
33.35281 -161915.3 
Iteration: 38 | deviance=7.685e+05
33.82037 -161210.1 
Iteration: 39 | deviance=7.408e+05
34.29219 -161094.8 
Iteration: 40 | deviance=7.339e+05
34.76572 -161379.2 
Iteration: 41 | deviance=7.159e+05
35.24682 -161643.3 
Iteration: 42 | deviance=7.202e+05
35.71812 -161996.9 
Iteration: 43 | deviance=7.253e+05
36.87736 -162059.3 
Iteration: 44 | deviance=7.102e+05
37.35159 -162205.1 
Iteration: 45 | deviance=7.063e+05
37.83272 -162529 
Iteration: 46 | deviance=7.084e+05
38.31536 -163424.5 
Iteration: 47 | deviance=7.009e+05
38.78814 -164657.2 
Iteration: 48 | deviance=6.732e+05
39.25202 -166009.1 
Iteration: 49 | deviance=6.752e+05
39.7184 -167554.4 
Iteration: 50 | deviance=6.731e+05
40.19851 -168922.2 
Iteration: 51 | deviance=6.895e+05
40.66745 -170095.4 
Iteration: 52 | deviance=6.527e+05
41.13119 -171354.1 
Iteration: 53 | deviance=6.537e+05
41.60562 -172504.7 
Iteration: 54 | deviance=6.7e+05
42.06882 -173803.4 
Iteration: 55 | deviance=6.776e+05
42.53746 -175022.4 
Iteration: 56 | deviance=6.569e+05
43.00173 -176120.6 
Iteration: 57 | deviance=6.574e+05
43.47647 -177267.5 
Iteration: 58 | deviance=6.501e+05
43.94586 -178441.2 
Iteration: 59 | deviance=6.282e+05
44.41044 -179399.5 
Iteration: 60 | deviance=6.505e+05
44.8931 -180419.4 
Iteration: 61 | deviance=6.521e+05
45.3581 -181083.9 
Iteration: 62 | deviance=6.25e+05
45.82974 -181918 
Iteration: 63 | deviance=6.255e+05
46.30056 -182701.1 
Iteration: 64 | deviance=6.458e+05
46.76819 -183332.2 
Iteration: 65 | deviance=6.637e+05
47.23168 -183890.6 
Iteration: 66 | deviance=6.439e+05
47.71281 -184421.4 
Iteration: 67 | deviance=6.222e+05
48.20091 -184805.4 
Iteration: 68 | deviance=6.292e+05
48.67834 -185134.9 
Iteration: 69 | deviance=6.341e+05
49.14923 -185276.8 
Iteration: 70 | deviance=6.175e+05
49.62826 -185712.9 
Iteration: 71 | deviance=6.215e+05
50.10604 -186011.8 
Iteration: 72 | deviance=6.037e+05
50.57663 -186278.2 
Iteration: 73 | deviance=6.318e+05
51.05291 -186420.2 
Iteration: 74 | deviance=6.201e+05
51.51833 -186782.7 
Iteration: 75 | deviance=6.343e+05
51.98587 -186835.2 
Iteration: 76 | deviance=6.389e+05
52.46661 -187071.1 
Iteration: 77 | deviance=6.181e+05
52.94053 -187088.7 
